<?xml version="1.0" encoding="UTF-8"?>
<!-- Generated by org.testng.reporters.JUnitReportReporter -->
<testsuite hostname="ArinaJoshi" failures="0" tests="1" name="testcase.LoginTest" time="4.251" errors="0" timestamp="2023-10-28T23:41:49 CDT" skipped="0">
  <testcase classname="testcase.LoginTest" name="invalidUsername" time="4.251"/>
</testsuite> <!-- testcase.LoginTest -->
